C51 COMPILER V9.51   MAIN                                                                  07/01/2022 15:19:23 PAGE 1   


C51 COMPILER V9.51, COMPILATION OF MODULE MAIN
OBJECT MODULE PLACED IN .\output\main.obj
COMPILER INVOKED BY: D:\KEIL MDK\C51\BIN\C51.EXE source\main.c BROWSE INCDIR(.\inc) DEBUG OBJECTEXTEND PRINT(.\list\main
                    -.lst) OBJECT(.\output\main.obj)

line level    source

   1          #include "STC15F2K60S2.H"        
   2          #include "sys.H"                 
   3          #include "displayer.H" 
   4          #include "beep.H"
   5          #include "adc.H"
   6          
   7          code unsigned long SysClock=11059200;         
   8          
   9          #ifdef _displayer_H_                          
  10          code char decode_table[]={
  11                                0x3f, 0x06, 0x5b, 0x4f, 0x66, 0x6d, 0x7d, 0x07, 0x7f, 0x6f, 0x00, 0x08, 0x40, 0x01, 0x20, 0x02, 0x
             -10, 0x04, 0x80,
  12                  /*        0     1     2     3     4         5     6         7     8         9     10    11        12    13    14    15    16   
             - 17    18     */
  13              /*        0     1     2     3     4     5     6     7     8     9     null  down- mid-  up-   lu|   ru
             -|   ld|   rd|   point  */  
  14                                  0x3f|0x80, 0x06|0x80, 0x5b|0x80, 0x4f|0x80, 0x66|0x80, 0x6d|0x80, 0x7d|0x80, 0x07|0x80, 0
             -x7f|0x80, 0x6f|0x80, 
  15                  /*                      19         20         21         22         23         24         25         26         27    
             -     28        */
  16              /*                  0          1          2          3          4          5          6          7          8
             -          9         */
  17                                                  0x77, 0x7c, 0x39, 0x5e, 0x79, 0x71, 0x3d, 0x76, 0x0f, 0x0e,
  18                  /*                      29    30    31    32    33    34    35    36    37    38                                      
             -               */
  19                  /*              A     B     C     D     E     F     G     H     I     J                                  
             -                    */
  20                                              0x75, 0x38, 0x37, 0x54, 0x5c, 0x73, 0x67, 0x31, 0x49, 0x78,
  21                  /*                      39    40    41    42    43    44    45    46    47    48                                       
             -              */
  22                  /*              K     L     M     N     O     P     Q     R     S     T                                  
             -                    */
  23                                                  0x3e, 0x1c, 0x7e, 0x64, 0x6e, 0x59
  24                  /*                      49    50    51    52    53    54                                                               
             -              */
  25                  /*              U     V     W     X     Y     Z                                                          
             -                    */
  26          }; 
  27          #endif
  28          
  29           
  30          int num[3] = {0};
  31          
  32          void myAlarm(){
  33   1              struct_ADC adc_data;
  34   1              adc_data = GetADC();
  35   1              num[0] = adc_data.Rop/100; num[1] = adc_data.Rop/10%10; num[2] = adc_data.Rop%10;
  36   1              if(adc_data.Rop < 20) SetBeep(1200,10);                         //1.2KHz,100ms
  37   1              else if(adc_data.Rop > 100) SetBeep(2000,10);           //2KHz,100ms
  38   1      }
  39          void myLED(){
  40   1              Seg7Print(10,10,10,10,10,num[0],num[1],num[2]);
  41   1      }
  42          
C51 COMPILER V9.51   MAIN                                                                  07/01/2022 15:19:23 PAGE 2   

  43          void main() 
  44          {
  45   1              AdcInit(ADCexpEXT);
  46   1              DisplayerInit(); 
  47   1              BeepInit();
  48   1              LedPrint(0);
  49   1              SetDisplayerArea(5,7);
  50   1              Seg7Print(0, 0, 0, 0, 0, 0, 0);
*** WARNING C209 IN LINE 50 OF source\main.c: '_Seg7Print': too few actual parameters
  51   1      
  52   1              SetEventCallBack(enumEventSys100mS, myLED);
  53   1              SetEventCallBack(enumEventSys1S, myAlarm);
  54   1              
  55   1              MySTC_Init();       
  56   1              while(1)                
  57   1              { 
  58   2                      MySTC_OS();    
  59   2              }                    
  60   1      }                 


MODULE INFORMATION:   STATIC OVERLAYABLE
   CODE SIZE        =    204    ----
   CONSTANT SIZE    =     59    ----
   XDATA SIZE       =   ----    ----
   PDATA SIZE       =   ----    ----
   DATA SIZE        =      6      10
   IDATA SIZE       =   ----    ----
   BIT SIZE         =   ----    ----
END OF MODULE INFORMATION.


C51 COMPILATION COMPLETE.  1 WARNING(S),  0 ERROR(S)
