C51 COMPILER V9.51   MAIN                                                                  07/01/2022 15:00:27 PAGE 1   


C51 COMPILER V9.51, COMPILATION OF MODULE MAIN
OBJECT MODULE PLACED IN .\output\main.obj
COMPILER INVOKED BY: D:\KEIL MDK\C51\BIN\C51.EXE source\main.c BROWSE INCDIR(.\inc) DEBUG OBJECTEXTEND PRINT(.\main.lst)
                    - OBJECT(.\output\main.obj)

line level    source

   1          #include "STC15F2K60S2.H"        //必须。
   2          #include "sys.H"                 //必须。
   3          #include "displayer.H" 
   4          #include "key.H"  
   5          
   6          
   7          #ifdef _displayer_H_                          //显示模块选用时必须。（数码管显示译码表，用艨尚薷摹⒃黾拥
             -） 
   8          code char decode_table[]={
   9                                0x3f, 0x06, 0x5b, 0x4f, 0x66, 0x6d, 0x7d, 0x07, 0x7f, 0x6f, 0x00, 0x08, 0x40, 0x01, 0x20, 0x02, 0x
             -10, 0x04, 0x80,
  10                  /* 序号:  0     1     2     3     4         5     6         7     8         9     10    11        12    13    14    15    16   
             - 17    18     */
  11              /* 显示:  0     1     2     3     4     5     6     7     8     9     (无)  下-   中-   上-   左上| 右
             -上| 左下| 右下| 小数点 */  
  12                                  0x3f|0x80, 0x06|0x80, 0x5b|0x80, 0x4f|0x80, 0x66|0x80, 0x6d|0x80, 0x7d|0x80, 0x07|0x80, 0
             -x7f|0x80, 0x6f|0x80, 
  13                  /* 序号:                19         20         21         22         23         24         25         26         27   
             -      28        */
  14              /* 带小数点     0          1          2          3          4          5          6          7        
             -  8          9         */
  15                                                  0x77, 0x7c, 0x39, 0x5e, 0x79, 0x71, 0x3d, 0x76, 0x0f, 0x0e,
  16                  /* 序号:                29    30    31    32    33    34    35    36    37    38                                     
             -                */
  17                  /* 显示：       A     B     C     D     E     F     G     H     I     J                                  
             -                    */
  18                                              0x75, 0x38, 0x37, 0x54, 0x5c, 0x73, 0x67, 0x31, 0x49, 0x78,
  19                  /* 序号:                39    40    41    42    43    44    45    46    47    48                                     
             -                */
  20                  /* 显示：       K     L     M     N     O     P     Q     R     S     T                                  
             -                    */
  21                                                  0x3e, 0x1c, 0x7e, 0x64, 0x6e, 0x59
  22                  /* 序号:                49    50    51    52    53    54                                                             
             -                */
  23                  /* 显示：       U     V     W     X     Y     Z                                                          
             -                    */
  24          }; 
  25          #endif
  26          
  27          
  28          
  29          code unsigned long SysClock=11059200;         //必须。定义系统工作时钟频率(Hz)，用户必须修改成与实际工作频
             -率（下载时选择的）一致
  30          
  31          struct ti {
  32                  int min;  //分
  33                  int sec; //秒
  34                  int msec; //毫秒，分辨率为10ms
  35          } time;
  36          
  37          ti ttt;
*** ERROR C129 IN LINE 37 OF source\main.c: missing ';' before 'ttt'
  38          
  39          
C51 COMPILER V9.51   MAIN                                                                  07/01/2022 15:00:27 PAGE 2   

  40          static status = 0;  //秒表状态，0未走表，1正在走表
  41          
  42          void time_init();  //初始化时钟
  43          void time_inc();  //加10ms
  44          void display();  //将时间展示在数码管上,回调
  45          void key_event(); //按键，控制走秒开始与暂停，回调
  46          
  47          void main()
  48          {
  49                  DisplayerInit();
  50                  KeyInit();
  51                  SetDisplayerArea(0,7);
  52                  
  53                  LedPrint(0);  //关led灯，保护眼睛
  54                  time_init();
  55                  
  56                  SetEventCallBack(enumEventSys10mS, display);
  57                  SetEventCallBack(enumEventKey, key_event);
  58                  
  59                  MySTC_Init();       
  60                  while(1){
  61                          MySTC_OS();
  62                  }       
  63          }
  64          void time_init(){
  65                  time.min = time.sec = time.msec = 0;
  66                  Seg7Print(0, 0, 12, 0, 0, 12, 0, 0);
  67          }
  68          //增加10ms
  69          void time_inc(){
  70                  time.msec++;
  71                  if(time.msec == 100){
  72                          time.msec = 0;
  73                          time.sec++;
  74                  }
  75                  if(time.sec == 60){
  76                          time.sec = 0;
  77                          time.min++;
  78                  }
  79                  if(time.min == 100){
  80                          time.min = 0;
  81                  }
  82          }
  83          void key_event(){
  84                  char k;
  85                  if( (k=GetKeyAct(enumKey1)) == enumKeyPress ){  //当走秒时，按下k1暂停；当暂停时，按下k1继续走秒
  86                          status = !status;
  87                  }
  88          }
  89          void display(){
  90                  if(status){  //走秒状态下计数
  91                          time_inc();     
  92                          Seg7Print(time.min/10, time.min%10, 12, time.sec/10, time.sec%10, 12, time.msec/10, time.msec%10);
  93                  }       
  94          }

C51 COMPILATION COMPLETE.  0 WARNING(S),  1 ERROR(S)
