C51 COMPILER V9.51   MAIN                                                                  07/01/2022 14:04:43 PAGE 1   


C51 COMPILER V9.51, COMPILATION OF MODULE MAIN
OBJECT MODULE PLACED IN .\output\main.obj
COMPILER INVOKED BY: D:\KEIL MDK\C51\BIN\C51.EXE source\main.c BROWSE INCDIR(.\inc) DEBUG OBJECTEXTEND PRINT(.\list\main
                    -.lst) OBJECT(.\output\main.obj)

line level    source

   1          #include "STC15F2K60S2.H"        //必须。
   2          #include "sys.H"                 //必须。
   3          #include "displayer.H" 
   4          #include "key.H" 
   5          
   6          code unsigned long SysClock=11059200;         //必须。定义系统工作时钟频率(Hz)，用户必须修改成与实际工作频
             -率（下载时选择的）一致
   7          
   8          
   9          #ifdef _displayer_H_                          //显示模块选用时必须。（数码管显示译码表，用艨尚薷摹⒃黾拥
             -） 
  10          code char decode_table[]={
  11                                0x3f, 0x06, 0x5b, 0x4f, 0x66, 0x6d, 0x7d, 0x07, 0x7f, 0x6f, 0x00, 0x08, 0x40, 0x01, 0x20, 0x02, 0x
             -10, 0x04, 0x80,
  12                  /* 序号:  0     1     2     3     4         5     6         7     8         9     10    11        12    13    14    15    16   
             - 17    18     */
  13              /* 显示:  0     1     2     3     4     5     6     7     8     9     (无)  下-   中-   上-   左上| 右
             -上| 左下| 右下| 小数点 */  
  14                                  0x3f|0x80, 0x06|0x80, 0x5b|0x80, 0x4f|0x80, 0x66|0x80, 0x6d|0x80, 0x7d|0x80, 0x07|0x80, 0
             -x7f|0x80, 0x6f|0x80, 
  15                  /* 序号:                19         20         21         22         23         24         25         26         27   
             -      28        */
  16              /* 带小数点     0          1          2          3          4          5          6          7        
             -  8          9         */
  17                                                  0x77, 0x7c, 0x39, 0x5e, 0x79, 0x71, 0x3d, 0x76, 0x0f, 0x0e,
  18                  /* 序号:                29    30    31    32    33    34    35    36    37    38                                     
             -                */
  19                  /* 显示：       A     B     C     D     E     F     G     H     I     J                                  
             -                    */
  20                                              0x75, 0x38, 0x37, 0x54, 0x5c, 0x73, 0x67, 0x31, 0x49, 0x78,
  21                  /* 序号:                39    40    41    42    43    44    45    46    47    48                                     
             -                */
  22                  /* 显示：       K     L     M     N     O     P     Q     R     S     T                                  
             -                    */
  23                                                  0x3e, 0x1c, 0x7e, 0x64, 0x6e, 0x59
  24                  /* 序号:                49    50    51    52    53    54                                                             
             -                */
  25                  /* 显示：       U     V     W     X     Y     Z                                                          
             -                    */
  26          }; 
  27          #endif
  28          
  29          
  30          void myKey_callback()
  31          { 
  32   1              char k;
  33   1              k=GetKeyAct(enumKey1);
  34   1              if( k == enumKeyPress )  
  35   1                      Seg7Print(10, 10, 10, 10, 10, 10, 10, 36);
  36   1              else if( k == enumKeyRelease )  
  37   1                      Seg7Print(10, 10, 10, 10, 10, 10, 10, 10);
  38   1      }
  39          
  40                                                                                                                    
C51 COMPILER V9.51   MAIN                                                                  07/01/2022 14:04:43 PAGE 2   

             -                                                                                                                        
             -         
  41          void main() 
  42          { 
  43   1              DisplayerInit();  
  44   1              KeyInit();
  45   1              SetDisplayerArea(0, 7);
  46   1              Seg7Print(10, 10, 10, 10, 10, 10, 10, 10);
  47   1              LedPrint(0);    
  48   1              SetEventCallBack(enumEventKey, myKey_callback);
  49   1              
  50   1              MySTC_Init();       
  51   1              while(1)                
  52   1              { 
  53   2                      MySTC_OS();    
  54   2              }                    
  55   1      }                 


MODULE INFORMATION:   STATIC OVERLAYABLE
   CODE SIZE        =    120    ----
   CONSTANT SIZE    =     59    ----
   XDATA SIZE       =   ----    ----
   PDATA SIZE       =   ----    ----
   DATA SIZE        =   ----       1
   IDATA SIZE       =   ----    ----
   BIT SIZE         =   ----    ----
END OF MODULE INFORMATION.


C51 COMPILATION COMPLETE.  0 WARNING(S),  0 ERROR(S)
