C51 COMPILER V9.51   MAIN                                                                  07/01/2022 13:48:03 PAGE 1   


C51 COMPILER V9.51, COMPILATION OF MODULE MAIN
OBJECT MODULE PLACED IN .\output\main.obj
COMPILER INVOKED BY: D:\KEIL MDK\C51\BIN\C51.EXE source\main.c BROWSE INCDIR(.\inc) DEBUG OBJECTEXTEND PRINT(.\list\main
                    -.lst) OBJECT(.\output\main.obj)

line level    source

   1          #include "STC15F2K60S2.H"        //必须。
   2          #include "sys.H"                 //必须。
   3          #include "beep.H" 
   4          #include "music.H"
   5          
   6          code unsigned long SysClock=11059200;         //必须。定义系统工作时钟频率(Hz)，用户必须修改成与实际工作频
             -率（下载时选择的）一致
   7          
   8          
   9          
  10          code unsigned char song[]={
  11                  0x21, 0x10,
  12                  0x22, 0x10,
  13                  0x23, 0x10,
  14                  0x24, 0x10,
  15                  0x25, 0x10
  16          };
  17          
  18          void main() 
  19          {   
  20   1              BeepInit();
  21   1              MusicPlayerInit();
  22   1              // 有效值：0xFA、0xFB、0xFC、0xFD、0xFE、0xFF、0xF9分别对应音乐A、B、C、D、E、F、G调
  23   1              SetMusic(100,0xFA,&song,sizeof(song),enumMscNull);
  24   1              
  25   1              SetPlayerMode(enumModePlay);
  26   1              
  27   1              MySTC_Init();       
  28   1              while(1)                
  29   1              { 
  30   2                      MySTC_OS();    
  31   2              }                    
  32   1      }                 


MODULE INFORMATION:   STATIC OVERLAYABLE
   CODE SIZE        =     41    ----
   CONSTANT SIZE    =     14    ----
   XDATA SIZE       =   ----    ----
   PDATA SIZE       =   ----    ----
   DATA SIZE        =   ----    ----
   IDATA SIZE       =   ----    ----
   BIT SIZE         =   ----    ----
END OF MODULE INFORMATION.


C51 COMPILATION COMPLETE.  0 WARNING(S),  0 ERROR(S)
