C51 COMPILER V9.51   MAIN                                                                  06/30/2022 15:43:35 PAGE 1   


C51 COMPILER V9.51, COMPILATION OF MODULE MAIN
OBJECT MODULE PLACED IN .\output\main.obj
COMPILER INVOKED BY: D:\KEIL MDK\C51\BIN\C51.EXE source\main.c BROWSE INCDIR(.\inc) DEBUG OBJECTEXTEND PRINT(.\list\main
                    -.lst) OBJECT(.\output\main.obj)

line level    source

   1          #include "STC15F2K60S2.H"
   2          #include "sys.H"
   3          #include "displayer.h"
   4          #include "hall.H"
   5          
   6          #define uchar unsigned char
   7          #define uint unsigned int
   8          
   9          code unsigned long SysClock = 11059200;
  10          
  11          uchar led = 0x0f;
  12          
  13          void myLED()
  14          {
  15   1          LedPrint(led);
  16   1      }
  17          
  18          void myHall() {
  19   1          uchar he = GetHallAct();
  20   1          if (he == enumHallGetClose) {
  21   2              switch (led)
  22   2              {
  23   3              case 0xf0:
  24   3                  led = 0xe1;
  25   3                  break;
  26   3              case 0xe1:
  27   3                  led = 0xc3;
  28   3                  break;
  29   3              case 0xc3:
  30   3                  led = 0x87;
  31   3                  break;
  32   3              case 0x87:
  33   3                  led = 0x0f;
  34   3                  break;
  35   3              default:
  36   3                  led <<= 1;
  37   3                  break;
  38   3              }
  39   2          }
  40   1      }
  41          
  42          
  43          int main()
  44          {
  45   1          HallInit();
  46   1          DisplayerInit();
  47   1              //SetDisplayerArea(0, 0);
  48   1          SetEventCallBack(enumEventSys100mS, myLED);
  49   1          SetEventCallBack(enumEventHall, myHall);
  50   1      
  51   1          MySTC_Init();
  52   1          while (1)
  53   1          {
  54   2              MySTC_OS();
C51 COMPILER V9.51   MAIN                                                                  06/30/2022 15:43:35 PAGE 2   

  55   2          }
  56   1          
  57   1      }


MODULE INFORMATION:   STATIC OVERLAYABLE
   CODE SIZE        =     88    ----
   CONSTANT SIZE    =      4    ----
   XDATA SIZE       =   ----    ----
   PDATA SIZE       =   ----    ----
   DATA SIZE        =      1    ----
   IDATA SIZE       =   ----    ----
   BIT SIZE         =   ----    ----
END OF MODULE INFORMATION.


C51 COMPILATION COMPLETE.  0 WARNING(S),  0 ERROR(S)
