C51 COMPILER V9.51   MAIN                                                                  07/01/2022 14:42:26 PAGE 1   


C51 COMPILER V9.51, COMPILATION OF MODULE MAIN
OBJECT MODULE PLACED IN .\output\main.obj
COMPILER INVOKED BY: D:\KEIL MDK\C51\BIN\C51.EXE source\main.c BROWSE INCDIR(.\inc) DEBUG OBJECTEXTEND PRINT(.\list\main
                    -.lst) OBJECT(.\output\main.obj)

line level    source

   1          #include "STC15F2K60S2.H"        //必须。
   2          #include "sys.H"                 //必须。
   3          #include "displayer.H" 
   4          #include "Key.H"
   5          #include "adc.H"
   6          
   7          code unsigned long SysClock=11059200;         //必须。定义系统工作时钟频率(Hz)，用户必须修改成与实际工作频
             -率（下载时选择的）一致
   8          
   9          
  10          /* 初始时中间两位led灯亮起，用Key3选择需要移动的led灯 */
  11          unsigned char l1 = 0x10;                
  12          unsigned char l2 = 0x08;
  13          char lsel = 0;
  14          
  15          
  16          void myLED() {
  17   1              LedPrint(l1 | l2);
  18   1      }
  19          
  20          
  21          void myMove(){
  22   1              char k;
  23   1              if((k = GetAdcNavAct(enumAdcNavKey3)) == enumKeyPress) 
  24   1                      lsel = !lsel; 
  25   1              
  26   1              if((k = GetAdcNavAct(enumAdcNavKeyLeft)) == enumKeyPress) {
  27   2                      if(lsel == 0) {
  28   3                              l1 = l1 << 1;
  29   3                              if(l1 == 0) l1 = 0x01;
  30   3                      }
  31   2                      else {
  32   3                              l2 = l2 << 1;
  33   3                              if(l2 == 0) l2 = 0x01;
  34   3                      }
  35   2              }
  36   1              
  37   1              if((k = GetAdcNavAct(enumAdcNavKeyRight)) == enumKeyPress) {
  38   2                      if(lsel == 0) {
  39   3                              l1 = l1 >> 1;
  40   3                              if(l1 == 0) l1 = 0x80;
  41   3                      }
  42   2                      else {
  43   3                              l2 = l2 >> 1;
  44   3                              if(l2 == 0) l2 = 0x80;
  45   3                      }
  46   2              }
  47   1      }
  48          
  49          void main() 
  50          {
  51   1              //初始化
  52   1              AdcInit(ADCexpEXT);
  53   1              DisplayerInit();  
C51 COMPILER V9.51   MAIN                                                                  07/01/2022 14:42:26 PAGE 2   

  54   1              LedPrint(0);
  55   1              SetDisplayerArea(8, 8);
  56   1              //设置回调函数
  57   1              SetEventCallBack(enumEventSys100mS, myLED);
  58   1              SetEventCallBack(enumEventNav, myMove);
  59   1              
  60   1              MySTC_Init();       
  61   1              while(1)                
  62   1              { 
  63   2                      MySTC_OS();    
  64   2              }                    
  65   1      }                 


MODULE INFORMATION:   STATIC OVERLAYABLE
   CODE SIZE        =    154    ----
   CONSTANT SIZE    =      4    ----
   XDATA SIZE       =   ----    ----
   PDATA SIZE       =   ----    ----
   DATA SIZE        =      3    ----
   IDATA SIZE       =   ----    ----
   BIT SIZE         =   ----    ----
END OF MODULE INFORMATION.


C51 COMPILATION COMPLETE.  0 WARNING(S),  0 ERROR(S)
