C51 COMPILER V9.51   MAIN                                                                  06/30/2022 16:36:26 PAGE 1   


C51 COMPILER V9.51, COMPILATION OF MODULE MAIN
OBJECT MODULE PLACED IN .\output\main.obj
COMPILER INVOKED BY: E:\Keil\C51\BIN\C51.EXE source\main.c BROWSE INCDIR(.\inc) DEBUG OBJECTEXTEND PRINT(.\list\main.lst
                    -) TABS(2) OBJECT(.\output\main.obj)

line level    source

   1          #include "STC15F2K60S2.H"        //必须。
   2          #include "sys.H"                 //必须。
   3          #include "beep.H" 
   4          #include "music.H"
   5          
   6          code unsigned long SysClock=11059200;         //必须。定义系统工作时钟频率(Hz)，用户必须修改成与实际工作频
             -率（下载时选择的）一致
   7          
   8          
   9          
  10          code unsigned char song[]={0x21,0x10,0x22,0x10,0x23,0x10,0x24,0x10,0x25,0x10};
  11          void main() 
  12          {   
  13   1        BeepInit();
  14   1        MusicPlayerInit();
  15   1        SetMusic(100,0xFA,&song,sizeof(song),enumMscNull);
  16   1        SetPlayerMode(enumModePlay);
  17   1        
  18   1        MySTC_Init();     
  19   1        while(1)              
  20   1          { 
  21   2            MySTC_OS();    
  22   2          }              
  23   1      }                 


MODULE INFORMATION:   STATIC OVERLAYABLE
   CODE SIZE        =     41    ----
   CONSTANT SIZE    =     14    ----
   XDATA SIZE       =   ----    ----
   PDATA SIZE       =   ----    ----
   DATA SIZE        =   ----    ----
   IDATA SIZE       =   ----    ----
   BIT SIZE         =   ----    ----
END OF MODULE INFORMATION.


C51 COMPILATION COMPLETE.  0 WARNING(S),  0 ERROR(S)
