C51 COMPILER V9.51   MAIN                                                                  07/01/2022 11:30:36 PAGE 1   


C51 COMPILER V9.51, COMPILATION OF MODULE MAIN
OBJECT MODULE PLACED IN .\output\main.obj
COMPILER INVOKED BY: D:\KEIL MDK\C51\BIN\C51.EXE source\main.c BROWSE INCDIR(.\inc) DEBUG OBJECTEXTEND PRINT(.\list\main
                    -.lst) OBJECT(.\output\main.obj)

line level    source

   1          #include "STC15F2K60S2.H"
   2          #include "sys.H"
   3          #include "displayer.h"
   4          #include "hall.H"
   5          
   6          #define uchar unsigned char
   7          #define uint unsigned int
   8          
   9          code unsigned long SysClock = 11059200;
  10          
  11          uchar led = 0x0f;
  12          uchar flag = 0;
  13          
  14          void myLED()
  15          {
  16   1              if (flag) {
  17   2              switch (led)
  18   2              {
  19   3              case 0xf0:
  20   3                  led = 0xe1;
  21   3                  break;
  22   3              case 0xe1:
  23   3                  led = 0xc3;
  24   3                  break;
  25   3              case 0xc3:
  26   3                  led = 0x87;
  27   3                  break;
  28   3              case 0x87:
  29   3                  led = 0x0f;
  30   3                  break;
  31   3              default:
  32   3                  led <<= 1;
  33   3                  break;
  34   3              }
  35   2          }
  36   1          LedPrint(led);
  37   1      }
  38          
  39          void myHall() {
  40   1          uchar he = GetHallAct();
  41   1          if (he == enumHallGetClose)
  42   1                      flag = 1;
  43   1              else
  44   1                      flag = 0;
  45   1      }
  46          
  47          
  48          int main()
  49          {
  50   1          HallInit();
  51   1          DisplayerInit();
  52   1              SetDisplayerArea(8, 8);
  53   1          SetEventCallBack(enumEventSys100mS, myLED);
  54   1          SetEventCallBack(enumEventHall, myHall);
C51 COMPILER V9.51   MAIN                                                                  07/01/2022 11:30:36 PAGE 2   

  55   1      
  56   1          MySTC_Init();
  57   1          while (1)
  58   1          {
  59   2              MySTC_OS();
  60   2          }
  61   1          
  62   1      }


MODULE INFORMATION:   STATIC OVERLAYABLE
   CODE SIZE        =    110    ----
   CONSTANT SIZE    =      4    ----
   XDATA SIZE       =   ----    ----
   PDATA SIZE       =   ----    ----
   DATA SIZE        =      2    ----
   IDATA SIZE       =   ----    ----
   BIT SIZE         =   ----    ----
END OF MODULE INFORMATION.


C51 COMPILATION COMPLETE.  0 WARNING(S),  0 ERROR(S)
